# JRE version: Java(TM) SE Runtime Environment (21.0.8+12) (build 21.0.8+12-LTS-250)
# Java VM: Java HotSpot(TM) 64-Bit Server VM (21.0.8+12-LTS-250, mixed mode, sharing, tiered, compressed oops, compressed class ptrs, g1 gc, windows-amd64)
GC Precious Log:
 CardTable entry size: 512
 Card Set container configuration: InlinePtr #cards 5 size 8 Array Of Cards #cards 12 size 40 Howl #buckets 4 coarsen threshold 1843 Howl Bitmap #cards 512 size 80 coarsen threshold 460 Card regions per heap region 1 cards per card region 2048
 CPUs: 4 total, 4 available
 Memory: 7987M
 Large Page Support: Disabled
 NUMA Support: Disabled
 Compressed Oops: Enabled (32-bit)
 Heap Region Size: 1M
 Heap Min Capacity: 8M
 Heap Initial Capacity: 126M
 Heap Max Capacity: 1998M
 Pre-touch: Disabled
 Parallel Workers: 4
 Concurrent Workers: 1
 Concurrent Refinement Workers: 4
 Periodic GC: Disabled
Heap:
 garbage-first heap   total 106496K, used 82291K [0x0000000083200000, 0x0000000100000000)
  region size 1024K, 24 young (24576K), 2 survivors (2048K)
 Metaspace       used 42004K, committed 42560K, reserved 1114112K
  class space    used 4673K, committed 4928K, reserved 1048576K
GC Heap History (20 events):
Event: 18.977 GC heap before
{Heap before GC invocations=7 (full 0):
 garbage-first heap   total 76800K, used 61920K [0x0000000083200000, 0x0000000100000000)
  region size 1024K, 35 young (35840K), 6 survivors (6144K)
 Metaspace       used 34315K, committed 34624K, reserved 1114112K
  class space    used 3866K, committed 4032K, reserved 1048576K
}
Event: 19.001 GC heap after
{Heap after GC invocations=8 (full 0):
 garbage-first heap   total 77824K, used 40960K [0x0000000083200000, 0x0000000100000000)
  region size 1024K, 5 young (5120K), 5 survivors (5120K)
 Metaspace       used 34315K, committed 34624K, reserved 1114112K
  class space    used 3866K, committed 4032K, reserved 1048576K
}
Event: 19.921 GC heap before
{Heap before GC invocations=8 (full 0):
 garbage-first heap   total 77824K, used 62464K [0x0000000083200000, 0x0000000100000000)
  region size 1024K, 27 young (27648K), 5 survivors (5120K)
 Metaspace       used 35837K, committed 36160K, reserved 1114112K
  class space    used 4000K, committed 4160K, reserved 1048576K
}
Event: 19.936 GC heap after
{Heap after GC invocations=9 (full 0):
 garbage-first heap   total 77824K, used 45162K [0x0000000083200000, 0x0000000100000000)
  region size 1024K, 4 young (4096K), 4 survivors (4096K)
 Metaspace       used 35837K, committed 36160K, reserved 1114112K
  class space    used 4000K, committed 4160K, reserved 1048576K
}
Event: 20.432 GC heap before
{Heap before GC invocations=10 (full 0):
 garbage-first heap   total 81920K, used 60522K [0x0000000083200000, 0x0000000100000000)
  region size 1024K, 23 young (23552K), 4 survivors (4096K)
 Metaspace       used 36708K, committed 37056K, reserved 1114112K
  class space    used 4121K, committed 4288K, reserved 1048576K
}
Event: 20.440 GC heap after
{Heap after GC invocations=11 (full 0):
 garbage-first heap   total 81920K, used 42783K [0x0000000083200000, 0x0000000100000000)
  region size 1024K, 1 young (1024K), 1 survivors (1024K)
 Metaspace       used 36708K, committed 37056K, reserved 1114112K
  class space    used 4121K, committed 4288K, reserved 1048576K
}
Event: 21.569 GC heap before
{Heap before GC invocations=11 (full 0):
 garbage-first heap   total 81920K, used 68383K [0x0000000083200000, 0x0000000100000000)
  region size 1024K, 26 young (26624K), 1 survivors (1024K)
 Metaspace       used 38846K, committed 39296K, reserved 1114112K
  class space    used 4379K, committed 4608K, reserved 1048576K
}
Event: 21.578 GC heap after
{Heap after GC invocations=12 (full 0):
 garbage-first heap   total 98304K, used 43974K [0x0000000083200000, 0x0000000100000000)
  region size 1024K, 2 young (2048K), 2 survivors (2048K)
 Metaspace       used 38846K, committed 39296K, reserved 1114112K
  class space    used 4379K, committed 4608K, reserved 1048576K
}
Event: 21.971 GC heap before
{Heap before GC invocations=12 (full 0):
 garbage-first heap   total 98304K, used 52166K [0x0000000083200000, 0x0000000100000000)
  region size 1024K, 10 young (10240K), 2 survivors (2048K)
 Metaspace       used 38872K, committed 39360K, reserved 1114112K
  class space    used 4379K, committed 4608K, reserved 1048576K
}
Event: 21.979 GC heap after
{Heap after GC invocations=13 (full 0):
 garbage-first heap   total 98304K, used 44017K [0x0000000083200000, 0x0000000100000000)
  region size 1024K, 2 young (2048K), 2 survivors (2048K)
 Metaspace       used 38872K, committed 39360K, reserved 1114112K
  class space    used 4379K, committed 4608K, reserved 1048576K
}
Event: 22.107 GC heap before
{Heap before GC invocations=13 (full 0):
 garbage-first heap   total 98304K, used 56305K [0x0000000083200000, 0x0000000100000000)
  region size 1024K, 12 young (12288K), 2 survivors (2048K)
 Metaspace       used 38911K, committed 39424K, reserved 1114112K
  class space    used 4379K, committed 4608K, reserved 1048576K
}
Event: 22.127 GC heap after
{Heap after GC invocations=14 (full 0):
 garbage-first heap   total 98304K, used 52694K [0x0000000083200000, 0x0000000100000000)
  region size 1024K, 6 young (6144K), 6 survivors (6144K)
 Metaspace       used 38911K, committed 39424K, reserved 1114112K
  class space    used 4379K, committed 4608K, reserved 1048576K
}
Event: 22.511 GC heap before
{Heap before GC invocations=15 (full 0):
 garbage-first heap   total 106496K, used 75222K [0x0000000083200000, 0x0000000100000000)
  region size 1024K, 27 young (27648K), 6 survivors (6144K)
 Metaspace       used 38923K, committed 39424K, reserved 1114112K
  class space    used 4379K, committed 4608K, reserved 1048576K
}
Event: 22.535 GC heap after
{Heap after GC invocations=16 (full 0):
 garbage-first heap   total 106496K, used 60928K [0x0000000083200000, 0x0000000100000000)
  region size 1024K, 4 young (4096K), 4 survivors (4096K)
 Metaspace       used 38923K, committed 39424K, reserved 1114112K
  class space    used 4379K, committed 4608K, reserved 1048576K
}
Event: 23.213 GC heap before
{Heap before GC invocations=16 (full 0):
 garbage-first heap   total 106496K, used 82432K [0x0000000083200000, 0x0000000100000000)
  region size 1024K, 25 young (25600K), 4 survivors (4096K)
 Metaspace       used 39394K, committed 39936K, reserved 1114112K
  class space    used 4418K, committed 4672K, reserved 1048576K
}
Event: 23.230 GC heap after
{Heap after GC invocations=17 (full 0):
 garbage-first heap   total 106496K, used 59392K [0x0000000083200000, 0x0000000100000000)
  region size 1024K, 4 young (4096K), 4 survivors (4096K)
 Metaspace       used 39394K, committed 39936K, reserved 1114112K
  class space    used 4418K, committed 4672K, reserved 1048576K
}
Event: 23.724 GC heap before
{Heap before GC invocations=17 (full 0):
 garbage-first heap   total 106496K, used 80896K [0x0000000083200000, 0x0000000100000000)
  region size 1024K, 26 young (26624K), 4 survivors (4096K)
 Metaspace       used 40361K, committed 40896K, reserved 1114112K
  class space    used 4544K, committed 4800K, reserved 1048576K
}
Event: 23.730 GC heap after
{Heap after GC invocations=18 (full 0):
 garbage-first heap   total 106496K, used 60197K [0x0000000083200000, 0x0000000100000000)
  region size 1024K, 1 young (1024K), 1 survivors (1024K)
 Metaspace       used 40361K, committed 40896K, reserved 1114112K
  class space    used 4544K, committed 4800K, reserved 1048576K
}
Event: 38.696 GC heap before
{Heap before GC invocations=19 (full 0):
 garbage-first heap   total 106496K, used 83749K [0x0000000083200000, 0x0000000100000000)
  region size 1024K, 25 young (25600K), 1 survivors (1024K)
 Metaspace       used 39680K, committed 40192K, reserved 1114112K
  class space    used 4425K, committed 4672K, reserved 1048576K
}
Event: 38.699 GC heap after
{Heap after GC invocations=20 (full 0):
 garbage-first heap   total 106496K, used 60787K [0x0000000083200000, 0x0000000100000000)
  region size 1024K, 2 young (2048K), 2 survivors (2048K)
 Metaspace       used 39680K, committed 40192K, reserved 1114112K
  class space    used 4425K, committed 4672K, reserved 1048576K
}

